<?xml version="1.0" encoding="UTF-8"?>
<coverage generated="1692157487935" clover="3.2.0">
  <project timestamp="1692157487935" name="All files">
    <metrics statements="29" coveredstatements="24" conditionals="19" coveredconditionals="11" methods="4" coveredmethods="3" elements="52" coveredelements="38" complexity="0" loc="29" ncloc="29" packages="1" files="2" classes="2"/>
    <file name="keyMap.js" path="/Users/gary/Hydrogen/dist/keyMap.js">
      <metrics statements="25" coveredstatements="20" conditionals="19" coveredconditionals="11" methods="3" coveredmethods="2"/>
      <line num="2" count="1" type="cond" truecount="3" falsecount="0"/>
      <line num="3" count="1" type="cond" truecount="3" falsecount="1"/>
      <line num="5" count="1" type="stmt"/>
      <line num="6" count="1" type="stmt"/>
      <line num="7" count="0" type="cond" truecount="1" falsecount="1"/>
      <line num="11" count="1" type="stmt"/>
      <line num="12" count="1" type="stmt"/>
      <line num="13" count="2" type="stmt"/>
      <line num="14" count="2" type="stmt"/>
      <line num="15" count="2" type="stmt"/>
      <line num="16" count="2" type="stmt"/>
      <line num="17" count="2" type="cond" truecount="1" falsecount="1"/>
      <line num="18" count="2" type="stmt"/>
      <line num="19" count="2" type="stmt"/>
      <line num="21" count="2" type="cond" truecount="1" falsecount="3"/>
      <line num="23" count="2" type="stmt"/>
      <line num="24" count="2" type="stmt"/>
      <line num="25" count="2" type="stmt"/>
      <line num="27" count="0" type="stmt"/>
      <line num="29" count="0" type="stmt"/>
      <line num="31" count="0" type="stmt"/>
      <line num="33" count="2" type="cond" truecount="2" falsecount="2"/>
      <line num="34" count="0" type="stmt"/>
      <line num="37" count="1" type="stmt"/>
      <line num="39" count="1" type="stmt"/>
    </file>
    <file name="typeof.js" path="/Users/gary/Hydrogen/dist/typeof.js">
      <metrics statements="4" coveredstatements="4" conditionals="0" coveredconditionals="0" methods="1" coveredmethods="1"/>
      <line num="2" count="2" type="stmt"/>
      <line num="3" count="2" type="stmt"/>
      <line num="4" count="19" type="stmt"/>
      <line num="6" count="2" type="stmt"/>
    </file>
  </project>
</coverage>
