{"/Users/gary/Hydrogen/dist/keyMap.js": {"path":"/Users/gary/Hydrogen/dist/keyMap.js","statementMap":{"0":{"start":{"line":2,"column":22},"end":{"line":4,"column":1}},"1":{"start":{"line":3,"column":4},"end":{"line":3,"column":62}},"2":{"start":{"line":5,"column":0},"end":{"line":5,"column":62}},"3":{"start":{"line":6,"column":17},"end":{"line":6,"column":53}},"4":{"start":{"line":7,"column":42},"end":{"line":7,"column":43}},"5":{"start":{"line":11,"column":17},"end":{"line":11,"column":19}},"6":{"start":{"line":12,"column":4},"end":{"line":36,"column":5}},"7":{"start":{"line":13,"column":29},"end":{"line":13,"column":36}},"8":{"start":{"line":14,"column":21},"end":{"line":14,"column":23}},"9":{"start":{"line":15,"column":8},"end":{"line":15,"column":45}},"10":{"start":{"line":16,"column":8},"end":{"line":16,"column":31}},"11":{"start":{"line":17,"column":8},"end":{"line":20,"column":9}},"12":{"start":{"line":18,"column":12},"end":{"line":18,"column":35}},"13":{"start":{"line":19,"column":12},"end":{"line":19,"column":31}},"14":{"start":{"line":21,"column":8},"end":{"line":32,"column":9}},"15":{"start":{"line":23,"column":16},"end":{"line":23,"column":39}},"16":{"start":{"line":24,"column":16},"end":{"line":24,"column":35}},"17":{"start":{"line":25,"column":16},"end":{"line":25,"column":22}},"18":{"start":{"line":27,"column":16},"end":{"line":27,"column":82}},"19":{"start":{"line":29,"column":16},"end":{"line":29,"column":22}},"20":{"start":{"line":31,"column":16},"end":{"line":31,"column":87}},"21":{"start":{"line":33,"column":8},"end":{"line":35,"column":9}},"22":{"start":{"line":34,"column":12},"end":{"line":34,"column":61}},"23":{"start":{"line":37,"column":4},"end":{"line":37,"column":18}},"24":{"start":{"line":39,"column":0},"end":{"line":39,"column":24}}},"fnMap":{"0":{"name":"(anonymous_0)","decl":{"start":{"line":2,"column":56},"end":{"line":2,"column":57}},"loc":{"start":{"line":2,"column":71},"end":{"line":4,"column":1}},"line":2},"1":{"name":"keyMap","decl":{"start":{"line":7,"column":9},"end":{"line":7,"column":15}},"loc":{"start":{"line":10,"column":3},"end":{"line":38,"column":1}},"line":10},"2":{"name":"(anonymous_2)","decl":{"start":{"line":7,"column":35},"end":{"line":7,"column":36}},"loc":{"start":{"line":7,"column":42},"end":{"line":7,"column":43}},"line":7}},"branchMap":{"0":{"loc":{"start":{"line":2,"column":22},"end":{"line":4,"column":1}},"type":"binary-expr","locations":[{"start":{"line":2,"column":23},"end":{"line":2,"column":27}},{"start":{"line":2,"column":31},"end":{"line":2,"column":51}},{"start":{"line":2,"column":56},"end":{"line":4,"column":1}}],"line":2},"1":{"loc":{"start":{"line":3,"column":11},"end":{"line":3,"column":61}},"type":"cond-expr","locations":[{"start":{"line":3,"column":37},"end":{"line":3,"column":40}},{"start":{"line":3,"column":43},"end":{"line":3,"column":61}}],"line":3},"2":{"loc":{"start":{"line":3,"column":12},"end":{"line":3,"column":33}},"type":"binary-expr","locations":[{"start":{"line":3,"column":12},"end":{"line":3,"column":15}},{"start":{"line":3,"column":19},"end":{"line":3,"column":33}}],"line":3},"3":{"loc":{"start":{"line":7,"column":24},"end":{"line":7,"column":43}},"type":"default-arg","locations":[{"start":{"line":7,"column":35},"end":{"line":7,"column":43}}],"line":7},"4":{"loc":{"start":{"line":7,"column":45},"end":{"line":10,"column":1}},"type":"default-arg","locations":[{"start":{"line":7,"column":54},"end":{"line":10,"column":1}}],"line":7},"5":{"loc":{"start":{"line":17,"column":8},"end":{"line":20,"column":9}},"type":"if","locations":[{"start":{"line":17,"column":8},"end":{"line":20,"column":9}},{"start":{},"end":{}}],"line":17},"6":{"loc":{"start":{"line":21,"column":8},"end":{"line":32,"column":9}},"type":"switch","locations":[{"start":{"line":22,"column":12},"end":{"line":25,"column":22}},{"start":{"line":26,"column":12},"end":{"line":27,"column":82}},{"start":{"line":28,"column":12},"end":{"line":29,"column":22}},{"start":{"line":30,"column":12},"end":{"line":31,"column":87}}],"line":21},"7":{"loc":{"start":{"line":33,"column":8},"end":{"line":35,"column":9}},"type":"if","locations":[{"start":{"line":33,"column":8},"end":{"line":35,"column":9}},{"start":{},"end":{}}],"line":33},"8":{"loc":{"start":{"line":33,"column":12},"end":{"line":33,"column":68}},"type":"binary-expr","locations":[{"start":{"line":33,"column":12},"end":{"line":33,"column":23}},{"start":{"line":33,"column":27},"end":{"line":33,"column":68}}],"line":33}},"s":{"0":1,"1":1,"2":1,"3":1,"4":0,"5":1,"6":1,"7":2,"8":2,"9":2,"10":2,"11":2,"12":2,"13":2,"14":2,"15":2,"16":2,"17":2,"18":0,"19":0,"20":0,"21":2,"22":0,"23":1,"24":1},"f":{"0":1,"1":1,"2":0},"b":{"0":[1,1,1],"1":[1,0],"2":[1,1],"3":[0],"4":[1],"5":[2,0],"6":[2,0,0,0],"7":[0,2],"8":[2,0]},"inputSourceMap":null,"_coverageSchema":"1a1c01bbd47fc00a2c39e90264f33305004495a9","hash":"2bf661c798767aa190de98e64be6881f39f0e111"}
,"/Users/gary/Hydrogen/dist/typeof.js": {"path":"/Users/gary/Hydrogen/dist/typeof.js","statementMap":{"0":{"start":{"line":2,"column":0},"end":{"line":2,"column":62}},"1":{"start":{"line":3,"column":15},"end":{"line":5,"column":1}},"2":{"start":{"line":4,"column":4},"end":{"line":4,"column":76}},"3":{"start":{"line":6,"column":0},"end":{"line":6,"column":25}}},"fnMap":{"0":{"name":"(anonymous_0)","decl":{"start":{"line":3,"column":15},"end":{"line":3,"column":16}},"loc":{"start":{"line":3,"column":26},"end":{"line":5,"column":1}},"line":3}},"branchMap":{},"s":{"0":2,"1":2,"2":19,"3":2},"f":{"0":19},"b":{},"inputSourceMap":null,"_coverageSchema":"1a1c01bbd47fc00a2c39e90264f33305004495a9","hash":"344280fdc7fb1a18c469bfc8f5a8467bb3d0fa31"}
}
