TN:
SF:dist/keyMap.js
FN:2,(anonymous_0)
FN:7,keyMap
FN:7,(anonymous_2)
FNF:3
FNH:2
FNDA:1,(anonymous_0)
FNDA:1,keyMap
FNDA:0,(anonymous_2)
DA:2,1
DA:3,1
DA:5,1
DA:6,1
DA:7,0
DA:11,1
DA:12,1
DA:13,2
DA:15,2
DA:16,2
DA:17,2
DA:18,2
DA:20,2
DA:22,2
DA:23,2
DA:24,2
DA:26,0
DA:28,0
DA:30,2
DA:31,0
DA:34,1
DA:36,1
LF:22
LH:18
BRDA:2,0,0,1
BRDA:2,0,1,1
BRDA:2,0,2,1
BRDA:3,1,0,1
BRDA:3,1,1,0
BRDA:3,2,0,1
BRDA:3,2,1,1
BRDA:7,3,0,0
BRDA:7,4,0,1
BRDA:16,5,0,2
BRDA:16,5,1,0
BRDA:20,6,0,2
BRDA:20,6,1,0
BRDA:20,6,2,0
BRDA:30,7,0,0
BRDA:30,7,1,2
BRDA:30,8,0,2
BRDA:30,8,1,2
BRF:18
BRH:12
end_of_record
TN:
SF:dist/typeof.js
FN:3,(anonymous_0)
FNF:1
FNH:1
FNDA:21,(anonymous_0)
DA:2,2
DA:3,2
DA:4,21
DA:6,2
LF:4
LH:4
BRF:0
BRH:0
end_of_record
