TN:
SF:dist/keyMap.js
FN:2,(anonymous_0)
FN:7,keyMap
FN:7,(anonymous_2)
FNF:3
FNH:2
FNDA:1,(anonymous_0)
FNDA:1,keyMap
FNDA:0,(anonymous_2)
DA:2,1
DA:3,1
DA:5,1
DA:6,1
DA:7,0
DA:11,1
DA:12,1
DA:13,2
DA:14,2
DA:15,2
DA:16,2
DA:17,2
DA:18,2
DA:19,2
DA:21,2
DA:23,2
DA:24,2
DA:25,2
DA:27,0
DA:29,0
DA:31,0
DA:33,2
DA:34,0
DA:37,1
DA:39,1
LF:25
LH:20
BRDA:2,0,0,1
BRDA:2,0,1,1
BRDA:2,0,2,1
BRDA:3,1,0,1
BRDA:3,1,1,0
BRDA:3,2,0,1
BRDA:3,2,1,1
BRDA:7,3,0,0
BRDA:7,4,0,1
BRDA:17,5,0,2
BRDA:17,5,1,0
BRDA:21,6,0,2
BRDA:21,6,1,0
BRDA:21,6,2,0
BRDA:21,6,3,0
BRDA:33,7,0,0
BRDA:33,7,1,2
BRDA:33,8,0,2
BRDA:33,8,1,0
BRF:19
BRH:11
end_of_record
TN:
SF:dist/typeof.js
FN:3,(anonymous_0)
FNF:1
FNH:1
FNDA:19,(anonymous_0)
DA:2,2
DA:3,2
DA:4,19
DA:6,2
LF:4
LH:4
BRF:0
BRH:0
end_of_record
